-- Test the optimizer_enable_dml_constraints GUC, which forces GPORCA to fall back when there
-- are NULL or CHECK constraints on a table.
set optimizer_trace_fallback = on;
DROP TABLE IF EXISTS constr_tab;
NOTICE:  table "constr_tab" does not exist, skipping
CREATE TABLE constr_tab ( a int check (a>0) , b int, c int, d int, CHECK (a+b>5)) DISTRIBUTED BY (a);
set optimizer_enable_dml_constraints = off;
explain insert into constr_tab values (1,2,3);
INFO:  GPORCA failed to produce a plan, falling back to planner
                   QUERY PLAN                   
------------------------------------------------
 Insert (slice0; segments: 1)  (rows=1 width=0)
   ->  Result  (cost=0.00..0.01 rows=1 width=0)
 Settings:  optimizer=on
 Optimizer status: legacy query optimizer
(4 rows)

set optimizer_enable_dml_constraints=on;
explain insert into constr_tab values (1,2,3);
                               QUERY PLAN                               
------------------------------------------------------------------------
 Insert  (cost=0.00..0.03 rows=1 width=12)
   ->  Result  (cost=0.00..0.00 rows=1 width=20)
         ->  Result  (cost=0.00..0.00 rows=1 width=16)
               ->  Result  (cost=0.00..0.00 rows=1 width=16)
                     ->  Result  (cost=0.00..0.00 rows=1 width=16)
                           ->  Result  (cost=0.00..0.00 rows=1 width=1)
 Settings:  optimizer=on
 Optimizer status: PQO version 2.48.0
(8 rows)

-- The remaining tests require a row in the table.
INSERT INTO constr_tab VALUES(1,5,3,4);
set optimizer_enable_dml_constraints=off;
explain update constr_tab set a = 10;
INFO:  GPORCA failed to produce a plan, falling back to planner
ERROR:  Cannot parallelize an UPDATE statement that updates the distribution columns
explain update constr_tab set b = 10;
INFO:  GPORCA failed to produce a plan, falling back to planner
                           QUERY PLAN                            
-----------------------------------------------------------------
 Update (slice0; segments: 3)  (rows=1 width=22)
   ->  Seq Scan on constr_tab  (cost=0.00..1.01 rows=1 width=22)
 Settings:  optimizer=on
 Optimizer status: legacy query optimizer
(4 rows)

set optimizer_enable_dml_constraints=on;
explain update constr_tab set b = 10;
                                      QUERY PLAN                                       
---------------------------------------------------------------------------------------
 Update  (cost=0.00..431.09 rows=1 width=1)
   ->  Result  (cost=0.00..431.00 rows=1 width=34)
         ->  Split  (cost=0.00..431.00 rows=1 width=30)
               ->  Result  (cost=0.00..431.00 rows=1 width=30)
                     ->  Table Scan on constr_tab  (cost=0.00..431.00 rows=1 width=26)
 Settings:  optimizer=on
 Optimizer status: PQO version 2.48.0
(7 rows)

-- Same, with NOT NULL constraint.
DROP TABLE IF EXISTS constr_tab;
CREATE TABLE constr_tab ( a int NOT NULL, b int, c int, d int, CHECK (a+b>5)) DISTRIBUTED BY (a);
INSERT INTO constr_tab VALUES(1,5,3,4);
set optimizer_enable_dml_constraints=off;
explain update constr_tab set a = 10;
INFO:  GPORCA failed to produce a plan, falling back to planner
ERROR:  Cannot parallelize an UPDATE statement that updates the distribution columns
DROP TABLE IF EXISTS constr_tab;
CREATE TABLE constr_tab ( a int NOT NULL, b int NOT NULL, c int NOT NULL, d int NOT NULL) DISTRIBUTED BY (a,b);
INSERT INTO constr_tab VALUES(1,5,3,4);
INFO:  GPORCA failed to produce a plan, falling back to planner
INSERT INTO constr_tab VALUES(1,5,3,4);
INFO:  GPORCA failed to produce a plan, falling back to planner
set optimizer_enable_dml_constraints=off;
explain update constr_tab set b = 10;
INFO:  GPORCA failed to produce a plan, falling back to planner
ERROR:  Cannot parallelize an UPDATE statement that updates the distribution columns
DROP TABLE IF EXISTS constr_tab;
CREATE TABLE constr_tab ( a int, b int, c int, d int) DISTRIBUTED BY (a);
INSERT INTO constr_tab VALUES(1,5,3,4);
INSERT INTO constr_tab VALUES(1,5,3,4);
set optimizer_enable_dml_constraints=off;
explain update constr_tab set a = 10;
                                            QUERY PLAN                                             
---------------------------------------------------------------------------------------------------
 Update  (cost=0.00..431.09 rows=1 width=1)
   ->  Result  (cost=0.00..431.00 rows=1 width=34)
         ->  Redistribute Motion 3:3  (slice1; segments: 3)  (cost=0.00..431.00 rows=1 width=30)
               Hash Key: qp_orca_fallback.constr_tab.a
               ->  Split  (cost=0.00..431.00 rows=1 width=30)
                     ->  Result  (cost=0.00..431.00 rows=1 width=30)
                           ->  Table Scan on constr_tab  (cost=0.00..431.00 rows=1 width=26)
 Optimizer status: PQO version 3.39.0
(8 rows)

-- Test ORCA fallback on "FROM ONLY"
CREATE TABLE homer (a int, b int, c int)
DISTRIBUTED BY (a)
PARTITION BY range(b)
    SUBPARTITION BY range(c)
        SUBPARTITION TEMPLATE (
            START(40) END(46) EVERY(3)
        )
(START(0) END(4) EVERY(2));
NOTICE:  CREATE TABLE will create partition "homer_1_prt_1" for table "homer"
NOTICE:  CREATE TABLE will create partition "homer_1_prt_1_2_prt_1" for table "homer_1_prt_1"
NOTICE:  CREATE TABLE will create partition "homer_1_prt_1_2_prt_2" for table "homer_1_prt_1"
NOTICE:  CREATE TABLE will create partition "homer_1_prt_2" for table "homer"
NOTICE:  CREATE TABLE will create partition "homer_1_prt_2_2_prt_1" for table "homer_1_prt_2"
NOTICE:  CREATE TABLE will create partition "homer_1_prt_2_2_prt_2" for table "homer_1_prt_2"
INSERT INTO homer VALUES (1,0,40),(2,1,43),(3,2,41),(4,3,44);
SELECT * FROM ONLY homer;
INFO:  GPORCA failed to produce a plan, falling back to planner
 a | b | c 
---+---+---
(0 rows)

SELECT * FROM ONLY homer_1_prt_1;
INFO:  GPORCA failed to produce a plan, falling back to planner
 a | b | c 
---+---+---
(0 rows)

UPDATE ONLY homer SET c = c + 1;
INFO:  GPORCA failed to produce a plan, falling back to planner
SELECT * FROM homer;
 a | b | c  
---+---+----
 1 | 0 | 40
 2 | 1 | 43
 3 | 2 | 41
 4 | 3 | 44
(4 rows)

DELETE FROM ONLY homer WHERE a = 3;
INFO:  GPORCA failed to produce a plan, falling back to planner
SELECT * FROM homer;
 a | b | c  
---+---+----
 1 | 0 | 40
 2 | 1 | 43
 3 | 2 | 41
 4 | 3 | 44
(4 rows)

-- ORCA should not fallback when ONLY clause is used on external tables
-- start_ignore
DROP TABLE IF EXISTS t1;
NOTICE:  table "t1" does not exist, skipping
DROP TABLE IF EXISTS ext_table_no_fallback;
NOTICE:  table "ext_table_no_fallback" does not exist, skipping
CREATE TABLE heap_t1 (a int, b int) DISTRIBUTED BY (b);
CREATE EXTERNAL TABLE ext_table_no_fallback (a int, b int) LOCATION ('gpfdist://myhost:8080/test.csv') FORMAT 'CSV';
-- end_ignore
EXPLAIN SELECT * FROM ext_table_no_fallback;
                                      QUERY PLAN                                       
---------------------------------------------------------------------------------------
 Gather Motion 3:1  (slice1; segments: 3)  (cost=0.00..472.74 rows=1000000 width=8)
   ->  External Scan on ext_table_no_fallback  (cost=0.00..437.97 rows=333334 width=8)
 Optimizer: PQO version 2.67.0
(3 rows)

EXPLAIN SELECT * FROM ONLY ext_table_no_fallback;
                                      QUERY PLAN                                       
---------------------------------------------------------------------------------------
 Gather Motion 3:1  (slice1; segments: 3)  (cost=0.00..472.74 rows=1000000 width=8)
   ->  External Scan on ext_table_no_fallback  (cost=0.00..437.97 rows=333334 width=8)
 Optimizer: PQO version 2.67.0
(3 rows)

EXPLAIN INSERT INTO heap_t1 SELECT * FROM ONLY ext_table_no_fallback;
                                             QUERY PLAN                                              
-----------------------------------------------------------------------------------------------------
 Insert  (cost=0.00..16080.27 rows=333334 width=8)
   ->  Result  (cost=0.00..455.27 rows=333334 width=12)
         ->  Redistribute Motion 3:3  (slice1; segments: 3)  (cost=0.00..451.27 rows=333334 width=8)
               Hash Key: ext_table_no_fallback.b
               ->  External Scan on ext_table_no_fallback  (cost=0.00..437.97 rows=333334 width=8)
 Optimizer: PQO version 2.67.0
(6 rows)

